<?xml version="1.0" encoding="UTF-8"?>
<!-- Generated by org.testng.reporters.JUnitReportReporter -->
<testsuite hostname="LAPTOP-5DBSC07H" failures="0" tests="1" name="dataDriverFramework.LoginWithDataDriven" time="16.353" errors="0" timestamp="2022-10-04T10:48:08 IST" skipped="0">
  <testcase classname="dataDriverFramework.LoginWithDataDriven" name="freeCRMLogin" time="16.353"/>
  <system-out/>
</testsuite> <!-- dataDriverFramework.LoginWithDataDriven -->
