<?xml version="1.0" encoding="UTF-8"?>
<!-- Generated by org.testng.reporters.JUnitReportReporter -->
<testsuite hostname="LAPTOP-5DBSC07H" failures="0" tests="4" name="dataDriverFramework.LoginTestUsingDataProvider" time="11.298" errors="0" timestamp="2022-10-04T13:28:36 IST" skipped="0">
  <testcase classname="dataDriverFramework.LoginTestUsingDataProvider" name="loginTestUsingDataProvider" time="0.873"/>
  <system-out/>
  <testcase classname="dataDriverFramework.LoginTestUsingDataProvider" name="loginTestUsingDataProvider" time="9.052"/>
  <system-out/>
  <testcase classname="dataDriverFramework.LoginTestUsingDataProvider" name="loginTestUsingDataProvider" time="0.721"/>
  <system-out/>
  <testcase classname="dataDriverFramework.LoginTestUsingDataProvider" name="loginTestUsingDataProvider" time="0.652"/>
  <system-out/>
</testsuite> <!-- dataDriverFramework.LoginTestUsingDataProvider -->
